<?xml version="1.0" encoding="utf-8"?><testsuites name="pytest tests"><testsuite name="pytest" errors="0" failures="0" skipped="0" tests="13" time="3.248" timestamp="2026-09-03T01:08:36.883125+00:00" hostname="agent-env-a1b8cd14-4d24-41d7-9b1b-bf52c787043d"><testcase classname="tests.test_phase2_booking.TestEstimate" name="test_airport_fixed_and_capacity" time="0.269" /><testcase classname="tests.test_phase2_booking.TestEstimate" name="test_hourly_min_and_price" time="0.210" /><testcase classname="tests.test_phase2_booking.TestRideCreation" name="test_capacity_422" time="0.532" /><testcase classname="tests.test_phase2_booking.TestEstimate" name="test_city_tour_min_3h" time="0.233" /><testcase classname="tests.test_phase2_booking.TestRideCreation" name="test_airport_van_with_flight" time="0.373" /><testcase classname="tests.test_phase2_booking.TestEstimate" name="test_private_intra_muros_distance" time="0.121" /><testcase classname="tests.test_phase2_booking.TestRideCreation" name="test_hourly_ride" time="0.391" /><testcase classname="tests.test_phase2_booking.TestFlights" name="test_valid_number_not_configured" time="0.336" /><testcase classname="tests.test_phase2_booking.TestFlights" name="test_invalid_number" time="0.130" /><testcase classname="tests.test_phase2_booking.TestCatalog" name="test_catalog" time="0.155" /><testcase classname="tests.test_phase2_booking.TestFixedRoutes" name="test_list" time="0.136" /><testcase classname="tests.test_phase2_booking.TestModeratorFixedRoutes" name="test_crud_and_permissions" time="1.259" /><testcase classname="tests.test_phase2_booking.TestDetailedReview" name="test_rate_with_criteria" time="1.450" /></testsuite></testsuites>