<?xml version="1.0" encoding="utf-8"?><testsuites name="pytest tests"><testsuite name="pytest" errors="0" failures="0" skipped="0" tests="13" time="3.428" timestamp="2026-09-03T06:30:46.795082+00:00" hostname="agent-env-a1b8cd14-4d24-41d7-9b1b-bf52c787043d"><testcase classname="tests.test_iteration18_partner_commissions.TestPartnerInfo" name="test_partner_info_returns_commission_rate_and_wallet" time="0.393" /><testcase classname="tests.test_iteration18_partner_commissions.TestPartnerInfo" name="test_passenger_role_forbidden" time="0.438" /><testcase classname="tests.test_iteration18_partner_commissions.TestPartnerBookingCreate" name="test_create_partner_booking" time="0.194" /><testcase classname="tests.test_iteration18_partner_commissions.TestCommissionCrediting" name="test_credit_and_idempotency" time="0.296" /><testcase classname="tests.test_iteration18_partner_commissions.TestCommissionsEndpoint" name="test_current_month_statement" time="0.111" /><testcase classname="tests.test_iteration18_partner_commissions.TestCommissionsEndpoint" name="test_no_month_returns_all" time="0.121" /><testcase classname="tests.test_iteration18_partner_commissions.TestPayout" name="test_amount_below_min_returns_422" time="0.129" /><testcase classname="tests.test_iteration18_partner_commissions.TestPayout" name="test_amount_above_balance_returns_400" time="0.108" /><testcase classname="tests.test_iteration18_partner_commissions.TestPayout" name="test_amount_zero_or_negative_422" time="0.100" /><testcase classname="tests.test_iteration18_partner_commissions.TestPayout" name="test_success_debits_wallet" time="1.063" /><testcase classname="tests.test_iteration18_partner_commissions.TestPdfExport" name="test_pdf_export_via_query_token" time="0.130" /><testcase classname="tests.test_iteration18_partner_commissions.TestPdfExport" name="test_pdf_invalid_month_422" time="0.161" /><testcase classname="tests.test_iteration18_partner_commissions.TestPdfExport" name="test_pdf_without_auth_401" time="0.112" /></testsuite></testsuites>