<?xml version="1.0" encoding="utf-8"?><testsuites name="pytest tests"><testsuite name="pytest" errors="0" failures="1" skipped="0" tests="19" time="9.348" timestamp="2026-09-02T21:38:11.657152+00:00" hostname="agent-env-a1b8cd14-4d24-41d7-9b1b-bf52c787043d"><testcase classname="tests.test_documents.TestDocTypes" name="test_types_returns_eight" time="0.223" /><testcase classname="tests.test_documents.TestFreshDriverBlocked" name="test_mine_shows_blocked_with_rc_pro" time="0.424" /><testcase classname="tests.test_documents.TestFreshDriverBlocked" name="test_status_online_blocked_423" time="0.152" /><testcase classname="tests.test_documents.TestFreshDriverBlocked" name="test_rides_available_blocked_423" time="0.162" /><testcase classname="tests.test_documents.TestUploadValidation" name="test_upload_driving_license_expiring" time="0.285" /><testcase classname="tests.test_documents.TestUploadValidation" name="test_upload_without_valid_until_422" time="0.132" /><testcase classname="tests.test_documents.TestUploadValidation" name="test_upload_wrong_content_type_415" time="0.155" /><testcase classname="tests.test_documents.TestUploadValidation" name="test_upload_registration_without_dates_valid" time="0.262" /><testcase classname="tests.test_documents.TestNotApplicable" name="test_vtc_card_not_applicable_ok" time="0.159" /><testcase classname="tests.test_documents.TestNotApplicable" name="test_id_card_not_applicable_conflict" time="0.182" /><testcase classname="tests.test_documents.TestCompliance" name="test_unblocked_after_all_docs" time="2.204" /><testcase classname="tests.test_documents.TestCompliance" name="test_status_online_200" time="0.119" /><testcase classname="tests.test_documents.TestAdmin" name="test_admin_drivers_list" time="0.377"><failure message="assert False&#10; +  where False = any(&lt;generator object TestAdmin.test_admin_drivers_list.&lt;locals&gt;.&lt;genexpr&gt; at 0xfcdf4b09dfc0&gt;)">backend/tests/test_documents.py:224: in test_admin_drivers_list
    assert any(d["email"] == compliant_driver["email"] for d in drivers)
E   assert False
E    +  where False = any(&lt;generator object TestAdmin.test_admin_drivers_list.&lt;locals&gt;.&lt;genexpr&gt; at 0xfcdf4b09dfc0&gt;)</failure></testcase><testcase classname="tests.test_documents.TestAdmin" name="test_admin_docs_include_file_path" time="0.567" /><testcase classname="tests.test_documents.TestAdmin" name="test_reject_reupload_flow" time="0.969" /><testcase classname="tests.test_documents.TestAdmin" name="test_non_moderator_patch_403" time="0.445" /><testcase classname="tests.test_documents.TestSelfie" name="test_request_selfie_and_upload" time="1.207" /><testcase classname="tests.test_documents.TestExpired" name="test_expired_valid_until_blocks" time="0.505" /><testcase classname="tests.test_documents.TestGeoRoute" name="test_geo_route_paris" time="0.741" /></testsuite></testsuites>