<?xml version="1.0" encoding="utf-8"?><testsuites name="pytest tests"><testsuite name="pytest" errors="0" failures="0" skipped="0" tests="11" time="2.550" timestamp="2026-09-03T05:38:45.814161+00:00" hostname="agent-env-a1b8cd14-4d24-41d7-9b1b-bf52c787043d"><testcase classname="tests.test_iteration17_partner.TestPartnerRegistration" name="test_register_hotel_partner" time="0.382" /><testcase classname="tests.test_iteration17_partner.TestPartnerRegistration" name="test_register_regular_company_no_discount" time="0.262" /><testcase classname="tests.test_iteration17_partner.TestPartnerBooking" name="test_create_partner_booking" time="0.277" /><testcase classname="tests.test_iteration17_partner.TestPartnerBooking" name="test_invalid_phone_422" time="0.121" /><testcase classname="tests.test_iteration17_partner.TestPartnerBooking" name="test_missing_guest_name_422" time="0.119" /><testcase classname="tests.test_iteration17_partner.TestPartnerBooking" name="test_passenger_role_forbidden" time="0.265" /><testcase classname="tests.test_iteration17_partner.TestListingsAndDriverFlow" name="test_bookings_active" time="0.179" /><testcase classname="tests.test_iteration17_partner.TestListingsAndDriverFlow" name="test_overview_active_rides" time="0.136" /><testcase classname="tests.test_iteration17_partner.TestListingsAndDriverFlow" name="test_rides_lists_partner_booking" time="0.126" /><testcase classname="tests.test_iteration17_partner.TestListingsAndDriverFlow" name="test_driver_can_see_and_accept" time="0.493" /><testcase classname="tests.test_iteration17_partner.TestListingsAndDriverFlow" name="test_cancel_by_hotel" time="0.131" /></testsuite></testsuites>