<?xml version="1.0" encoding="utf-8"?><testsuites name="pytest tests"><testsuite name="pytest" errors="0" failures="0" skipped="0" tests="8" time="4.130" timestamp="2026-09-03T14:11:53.311615+00:00" hostname="agent-env-a1b8cd14-4d24-41d7-9b1b-bf52c787043d"><testcase classname="tests.test_iteration22_phase1.TestEstimateStops" name="test_estimate_without_stops" time="0.777" /><testcase classname="tests.test_iteration22_phase1.TestModifyRide" name="test_create_and_modify" time="1.241" /><testcase classname="tests.test_iteration22_phase1.TestEstimateStops" name="test_estimate_with_stops_higher" time="0.181" /><testcase classname="tests.test_iteration22_phase1.TestRideOutShape" name="test_rideout_fields" time="0.359" /><testcase classname="tests.test_iteration22_phase1.TestModifyRide" name="test_patch_by_other_passenger_returns_404" time="0.380" /><testcase classname="tests.test_iteration22_phase1.TestWaitFeeLogic" name="test_departure_free_first_3_min" time="0.175" /><testcase classname="tests.test_iteration22_phase1.TestModifyRide" name="test_patch_completed_ride_returns_409" time="0.164" /><testcase classname="tests.test_iteration22_phase1.TestDriverWaitingFlow" name="test_driver_flow_or_skip" time="1.799" /></testsuite></testsuites>