<?xml version="1.0" encoding="utf-8"?><testsuites name="pytest tests"><testsuite name="pytest" errors="0" failures="0" skipped="0" tests="14" time="64.250" timestamp="2026-09-02T21:11:13.917040+00:00" hostname="agent-env-a1b8cd14-4d24-41d7-9b1b-bf52c787043d"><testcase classname="tests.test_iteration4.TestExports" name="test_team_invoices" time="0.690" /><testcase classname="tests.test_iteration4.TestAdminCities" name="test_list_cities_seeded" time="0.843" /><testcase classname="tests.test_iteration4.TestExports" name="test_team_export_csv_token_query" time="0.235" /><testcase classname="tests.test_iteration4.TestAdminCities" name="test_patch_city_as_moderator" time="0.336" /><testcase classname="tests.test_iteration4.TestExports" name="test_team_export_pdf_token_query" time="0.132" /><testcase classname="tests.test_iteration4.TestAdminCities" name="test_patch_city_forbidden_for_non_moderator" time="0.643" /><testcase classname="tests.test_iteration4.TestExports" name="test_company_report_and_exports" time="0.810" /><testcase classname="tests.test_iteration4.TestAdminCities" name="test_create_and_delete_city_as_moderator" time="0.276" /><testcase classname="tests.test_iteration4.TestGeo" name="test_geo_search_returns_results" time="0.840" /><testcase classname="tests.test_iteration4.TestSurchargeCities" name="test_estimate_surcharge_lyon" time="0.193" /><testcase classname="tests.test_iteration4.TestSurchargeCities" name="test_estimate_surcharge_paris" time="0.153" /><testcase classname="tests.test_iteration4.TestScheduledReminder" name="test_reminder_notification" time="61.466" /><testcase classname="tests.test_iteration4.TestGeo" name="test_geo_reverse_lyon" time="0.728" /><testcase classname="tests.test_iteration4.TestCompanyFlow" name="test_company_and_join_and_budget_and_exceed" time="2.479" /></testsuite></testsuites>