<?xml version="1.0" encoding="utf-8"?><testsuites name="pytest tests"><testsuite name="pytest" errors="0" failures="0" skipped="0" tests="4" time="7.308" timestamp="2026-09-03T01:46:06.058322+00:00" hostname="agent-env-a1b8cd14-4d24-41d7-9b1b-bf52c787043d"><testcase classname="tests.test_iteration14.TestLegal" name="test_legal_fr" time="0.389" /><testcase classname="tests.test_iteration14.TestLegal" name="test_legal_en" time="0.180" /><testcase classname="tests.test_iteration14.TestLocalizedNotifications" name="test_es_notifications_and_fr_regression" time="6.970" /><testcase classname="tests.test_iteration14.TestLegal" name="test_legal_zh_falls_back_to_en" time="0.148" /></testsuite></testsuites>