<?xml version="1.0" encoding="utf-8"?><testsuites name="pytest tests"><testsuite name="pytest" errors="0" failures="0" skipped="0" tests="12" time="4.463" timestamp="2026-09-03T08:15:39.113777+00:00" hostname="agent-env-a1b8cd14-4d24-41d7-9b1b-bf52c787043d"><testcase classname="tests.test_iteration20.TestPayoutRequest" name="test_below_min_returns_422" time="0.612" /><testcase classname="tests.test_iteration20.TestSignedStatement" name="test_valid_sig_returns_pdf" time="0.826" /><testcase classname="tests.test_iteration20.TestPayoutRequest" name="test_above_balance_returns_400" time="0.123" /><testcase classname="tests.test_iteration20.TestSignedStatement" name="test_bad_sig_returns_403" time="0.118" /><testcase classname="tests.test_iteration20.TestSignedStatement" name="test_missing_sig_returns_403" time="0.127" /><testcase classname="tests.test_iteration20.TestPayoutRequest" name="test_valid_debits_wallet_and_creates_pending_row" time="0.701" /><testcase classname="tests.test_iteration20.TestEmailCodePath" name="test_monthly_sweep_importable_and_callable" time="0.096" /><testcase classname="tests.test_iteration20.TestEmailCodePath" name="test_send_partner_statement_importable" time="0.032" /><testcase classname="tests.test_iteration20.TestAdminDecision" name="test_paid_then_conflict_and_reject_refunds" time="2.293" /><testcase classname="tests.test_iteration20.TestAdminList" name="test_moderator_can_list_pending" time="0.332" /><testcase classname="tests.test_iteration20.TestAdminList" name="test_non_moderator_is_403" time="0.132" /><testcase classname="tests.test_iteration20.TestRanking" name="test_ranking_shape" time="0.146" /></testsuite></testsuites>