<?xml version="1.0" encoding="utf-8"?><testsuites name="pytest tests"><testsuite name="pytest" errors="0" failures="0" skipped="0" tests="11" time="2.270" timestamp="2026-09-03T01:33:03.867792+00:00" hostname="agent-env-a1b8cd14-4d24-41d7-9b1b-bf52c787043d"><testcase classname="tests.test_iteration13.TestCatalogI18n" name="test_default_fr" time="0.345" /><testcase classname="tests.test_iteration13.TestCatalogI18n" name="test_lang_en" time="0.062" /><testcase classname="tests.test_iteration13.TestPatchLanguage" name="test_patch_language_es" time="0.535" /><testcase classname="tests.test_iteration13.TestCatalogI18n" name="test_lang_zh" time="0.060" /><testcase classname="tests.test_iteration13.TestCatalogI18n" name="test_vehicles_have_custom_photo_bool" time="0.067" /><testcase classname="tests.test_iteration13.TestPatchLanguage" name="test_patch_language_invalid_422" time="0.130" /><testcase classname="tests.test_iteration13.TestSupportConfig" name="test_fr" time="0.067" /><testcase classname="tests.test_iteration13.TestSupportConfig" name="test_es_falls_back_to_en" time="0.060" /><testcase classname="tests.test_iteration13.TestPatchLanguage" name="test_login_response_contains_language" time="0.133" /><testcase classname="tests.test_iteration13.TestVehiclePhotos" name="test_full_flow_van" time="1.066" /><testcase classname="tests.test_iteration13.TestVehiclePhotos" name="test_non_moderator_forbidden" time="0.064" /></testsuite></testsuites>