<?xml version="1.0" encoding="utf-8"?><testsuites name="pytest tests"><testsuite name="pytest" errors="0" failures="0" skipped="0" tests="8" time="7.244" timestamp="2026-09-03T05:10:27.529979+00:00" hostname="agent-env-a1b8cd14-4d24-41d7-9b1b-bf52c787043d"><testcase classname="tests.test_iteration16.TestGoogleSession" name="test_invalid_session_id_401" time="0.327" /><testcase classname="tests.test_iteration16.TestReceiptPDF" name="test_receipt_pdf_with_bearer" time="0.541" /><testcase classname="tests.test_iteration16.TestGoogleSession" name="test_missing_body_422" time="0.125" /><testcase classname="tests.test_iteration16.TestReceiptPDF" name="test_receipt_pdf_with_query_token" time="0.258" /><testcase classname="tests.test_iteration16.TestSignedPublicReceipt" name="test_bad_signature_forbidden" time="0.320" /><testcase classname="tests.test_iteration16.TestReceiptPDF" name="test_receipt_pdf_non_completed_returns_404" time="0.290" /><testcase classname="tests.test_iteration16.TestReceiptPDF" name="test_send_receipt_test_domain_ok_false" time="0.329" /><testcase classname="tests.test_iteration16.TestAutoSendReceipt" name="test_full_cash_ride_flow_triggers_receipt" time="5.652" /></testsuite></testsuites>