<?xml version="1.0" encoding="utf-8"?><testsuites name="pytest tests"><testsuite name="pytest" errors="0" failures="0" skipped="0" tests="7" time="20.905" timestamp="2026-09-04T03:37:52.777860+00:00" hostname="agent-env-a1b8cd14-4d24-41d7-9b1b-bf52c787043d"><testcase classname="tests.test_iteration24_dispatch_cascade.TestAdminSettings" name="test_get_settings_has_dispatch" time="0.785" /><testcase classname="tests.test_iteration24_dispatch_cascade.TestDeclineCascade" name="test_decline_single_driver_falls_to_broadcast" time="0.964" /><testcase classname="tests.test_iteration24_dispatch_cascade.TestAdminSettings" name="test_put_settings_persists_and_reorders" time="0.230" /><testcase classname="tests.test_iteration24_dispatch_cascade.TestDeclineCascade" name="test_decline_multi_driver_advances_to_next" time="0.232" /><testcase classname="tests.test_iteration24_dispatch_cascade.TestInstantRideOffer" name="test_create_ride_assigns_best_driver_and_deadline" time="0.260" /><testcase classname="tests.test_iteration24_dispatch_cascade.TestTimeoutCascade" name="test_timeout_sweep_advances_offer" time="19.258" /><testcase classname="tests.test_iteration24_dispatch_cascade.TestAcceptRegression" name="test_driver_can_still_accept_offered_ride" time="0.637" /></testsuite></testsuites>