<?xml version="1.0" encoding="utf-8"?><testsuites name="pytest tests"><testsuite name="pytest" errors="0" failures="0" skipped="0" tests="4" time="88.336" timestamp="2026-09-04T06:33:41.674764+00:00" hostname="agent-env-a1b8cd14-4d24-41d7-9b1b-bf52c787043d"><testcase classname="tests.test_iteration26_planning_wizard.TestWizardPayloads" name="test_scheduled_business_ride_created" time="0.520" /><testcase classname="tests.test_iteration26_planning_wizard.TestWizardPayloads" name="test_immediate_private_ride_created" time="0.143" /><testcase classname="tests.test_iteration26_planning_wizard.TestDriverPlanning" name="test_planning_lists_accepted_scheduled_ride" time="0.867" /><testcase classname="tests.test_iteration26_planning_wizard.TestDriverReminders" name="test_reminder_fires_once_within_75s" time="87.191" /></testsuite></testsuites>