<?xml version="1.0" encoding="utf-8"?><testsuites name="pytest tests"><testsuite name="pytest" errors="0" failures="0" skipped="0" tests="18" time="4.734" timestamp="2026-09-02T23:54:12.215040+00:00" hostname="agent-env-a1b8cd14-4d24-41d7-9b1b-bf52c787043d"><testcase classname="tests.test_iteration10.TestLogin" name="test_login_contains_new_fields" time="0.522" /><testcase classname="tests.test_iteration10.TestSecurityHeaders" name="test_security_headers_present" time="0.089" /><testcase classname="tests.test_iteration10.TestPhoneStatus" name="test_phone_status_shape" time="0.077" /><testcase classname="tests.test_iteration10.TestPhoneSendCode" name="test_send_code_valid" time="0.233" /><testcase classname="tests.test_iteration10.TestPhoneSendCode" name="test_send_code_invalid_phone" time="0.088" /><testcase classname="tests.test_iteration10.TestPhoneSendCode" name="test_send_code_rate_limit" time="0.223" /><testcase classname="tests.test_iteration10.TestPhoneVerify" name="test_verify_wrong_code" time="0.279" /><testcase classname="tests.test_iteration10.TestPhoneVerify" name="test_verify_correct_code" time="0.066" /><testcase classname="tests.test_iteration10.TestPatchMe" name="test_patch_sms_enabled" time="0.143" /><testcase classname="tests.test_iteration10.TestPatchMe" name="test_patch_full_name" time="0.177" /><testcase classname="tests.test_iteration10.TestPatchMe" name="test_patch_phone_resets_verified" time="0.076" /><testcase classname="tests.test_iteration10.TestPasswordChange" name="test_wrong_current" time="0.125" /><testcase classname="tests.test_iteration10.TestPasswordChange" name="test_change_and_revert" time="0.589" /><testcase classname="tests.test_iteration10.TestRegister" name="test_short_password_422" time="0.073" /><testcase classname="tests.test_iteration10.TestRegister" name="test_register_with_referral" time="0.304" /><testcase classname="tests.test_iteration10.TestLoginBruteForce" name="test_9_failed_logins_last_429" time="0.658" /><testcase classname="tests.test_iteration10.TestWalletPayment" name="test_wallet_ride_flow" time="0.341" /><testcase classname="tests.test_iteration10.TestSMSDoesNotBreakDriverFlow" name="test_driver_accept_start_complete_with_verified_phone" time="0.513" /></testsuite></testsuites>