<?xml version="1.0" encoding="utf-8"?><testsuites name="pytest tests"><testsuite name="pytest" errors="0" failures="0" skipped="0" tests="10" time="4.700" timestamp="2026-09-03T00:48:04.730912+00:00" hostname="agent-env-a1b8cd14-4d24-41d7-9b1b-bf52c787043d"><testcase classname="tests.test_iteration11_new_features.TestRegisterPush" name="test_register_push_requires_auth" time="0.225" /><testcase classname="tests.test_iteration11_new_features.TestRegisterPush" name="test_register_push_web_rejected_by_pydantic" time="0.312" /><testcase classname="tests.test_iteration11_new_features.TestRegisterPush" name="test_register_push_relay_placeholder_returns_500" time="0.111" /><testcase classname="tests.test_iteration11_new_features.TestResetPasswordValidation" name="test_reset_password_short_password_422" time="0.097" /><testcase classname="tests.test_iteration11_new_features.TestForgotPasswordFlow" name="test_forgot_unknown_email_404" time="0.089" /><testcase classname="tests.test_iteration11_new_features.TestForgotPasswordFlow" name="test_forgot_flow_full" time="0.810" /><testcase classname="tests.test_iteration11_new_features.TestForgotPasswordFlow" name="test_forgot_password_reused_code_400" time="0.081" /><testcase classname="tests.test_iteration11_new_features.TestForgotPasswordFlow" name="test_forgot_phone_identifier_works" time="0.090" /><testcase classname="tests.test_iteration11_new_features.TestForgotPasswordFlow" name="test_forgot_rate_limit_429" time="0.741" /><testcase classname="tests.test_iteration11_new_features.TestRideAcceptTrackingSMS" name="test_ride_accept_logs_tracking_and_push" time="2.072" /></testsuite></testsuites>