<?xml version="1.0" encoding="utf-8"?><testsuites name="pytest tests"><testsuite name="pytest" errors="0" failures="0" skipped="0" tests="11" time="8.893" timestamp="2026-09-02T22:21:45.730906+00:00" hostname="agent-env-a1b8cd14-4d24-41d7-9b1b-bf52c787043d"><testcase classname="tests.test_passenger_extras.TestFavorites" name="test_crud_and_upsert" time="1.833" /><testcase classname="tests.test_passenger_extras.TestCancellation" name="test_requested_cancel_no_fee" time="0.409" /><testcase classname="tests.test_passenger_extras.TestCancellation" name="test_accepted_cancel_charges_fee" time="1.081" /><testcase classname="tests.test_passenger_extras.TestCancellation" name="test_in_progress_cancel_by_passenger_409" time="0.806" /><testcase classname="tests.test_passenger_extras.TestCancellation" name="test_earnings_has_cancellation_fees" time="0.139" /><testcase classname="tests.test_passenger_extras.TestDeclineAndStats" name="test_decline_hides_ride" time="0.661" /><testcase classname="tests.test_passenger_extras.TestDeclineAndStats" name="test_decline_unknown_404" time="0.157" /><testcase classname="tests.test_passenger_extras.TestDeclineAndStats" name="test_stats_shape" time="0.168" /><testcase classname="tests.test_passenger_extras.TestDeclineAndStats" name="test_online_hours_increases_after_toggle" time="2.651" /><testcase classname="tests.test_passenger_extras.TestPublicTrack" name="test_bad_token_404" time="0.189" /><testcase classname="tests.test_passenger_extras.TestPublicTrack" name="test_public_track_no_auth_exposes_only_safe_fields" time="0.722" /></testsuite></testsuites>