<?xml version="1.0" encoding="utf-8"?><testsuites name="pytest tests"><testsuite name="pytest" errors="0" failures="0" skipped="0" tests="5" time="3.397" timestamp="2026-09-04T04:28:44.823900+00:00" hostname="agent-env-a1b8cd14-4d24-41d7-9b1b-bf52c787043d"><testcase classname="tests.test_iteration25_incoming_ride.TestIncomingRideOffer" name="test_ride_creation_sets_assigned_driver_and_expiry" time="0.817" /><testcase classname="tests.test_iteration25_incoming_ride.TestOfferAccept" name="test_assigned_driver_can_accept" time="1.237" /><testcase classname="tests.test_iteration25_incoming_ride.TestIncomingRideOffer" name="test_get_ride_returns_assigned_fields" time="0.206" /><testcase classname="tests.test_iteration25_incoming_ride.TestIncomingRideOffer" name="test_available_rides_includes_assigned_ride" time="0.382" /><testcase classname="tests.test_iteration25_incoming_ride.TestOfferDeclineCascade" name="test_decline_removes_or_clears_assignment" time="1.430" /></testsuite></testsuites>