<?xml version="1.0" encoding="utf-8"?><testsuites name="pytest tests"><testsuite name="pytest" errors="0" failures="0" skipped="0" tests="6" time="1.600" timestamp="2026-09-04T02:39:27.435471+00:00" hostname="agent-env-a1b8cd14-4d24-41d7-9b1b-bf52c787043d"><testcase classname="tests.test_iteration23_env_fix" name="test_root_api_ok" time="0.399" /><testcase classname="tests.test_iteration23_env_fix" name="test_support_config_hours_intact" time="0.086" /><testcase classname="tests.test_iteration23_env_fix" name="test_passenger_login_ok" time="0.142" /><testcase classname="tests.test_iteration23_env_fix" name="test_rides_estimate" time="0.208" /><testcase classname="tests.test_iteration23_env_fix" name="test_admin_integrations_moderator" time="0.220" /><testcase classname="tests.test_iteration23_env_fix" name="test_admin_dashboard_moderator" time="0.209" /></testsuite></testsuites>