<?xml version="1.0" encoding="utf-8"?><testsuites name="pytest tests"><testsuite name="pytest" errors="0" failures="0" skipped="0" tests="4" time="10.463" timestamp="2026-09-02T22:03:54.673905+00:00" hostname="agent-env-a1b8cd14-4d24-41d7-9b1b-bf52c787043d"><testcase classname="tests.test_extras.TestChat" name="test_full_chat_flow" time="3.324" /><testcase classname="tests.test_extras.TestPromos" name="test_promos_full_flow" time="3.246" /><testcase classname="tests.test_extras.TestPricingZones" name="test_paris_multiplier" time="1.055" /><testcase classname="tests.test_extras.TestTips" name="test_tip_flow" time="2.756" /></testsuite></testsuites>