<?xml version="1.0" encoding="utf-8"?><testsuites name="pytest tests"><testsuite name="pytest" errors="0" failures="0" skipped="0" tests="11" time="5.945" timestamp="2026-09-02T20:16:32.283411+00:00" hostname="agent-env-a1b8cd14-4d24-41d7-9b1b-bf52c787043d"><testcase classname="tests.test_new_features" name="test_setup_users" time="0.685" /><testcase classname="tests.test_new_features" name="test_estimate_returns_options_and_surcharge" time="0.101" /><testcase classname="tests.test_new_features" name="test_create_ride_with_surcharge_and_options" time="0.172" /><testcase classname="tests.test_new_features" name="test_create_batch" time="0.173" /><testcase classname="tests.test_new_features" name="test_driver_available_and_lifecycle" time="1.268" /><testcase classname="tests.test_new_features" name="test_stripe_config" time="0.095" /><testcase classname="tests.test_new_features" name="test_stripe_checkout_and_status" time="0.847" /><testcase classname="tests.test_new_features" name="test_private_ride_flow" time="0.620" /><testcase classname="tests.test_new_features" name="test_team_member_add_assign_deactivate" time="1.039" /><testcase classname="tests.test_new_features" name="test_notifications_read" time="0.342" /><testcase classname="tests.test_new_features" name="test_cancel_leftovers" time="0.273" /></testsuite></testsuites>