<?xml version="1.0" encoding="utf-8"?><testsuites name="pytest tests"><testsuite name="pytest" errors="0" failures="2" skipped="0" tests="35" time="7.645" timestamp="2026-09-02T20:16:42.556175+00:00" hostname="agent-env-a1b8cd14-4d24-41d7-9b1b-bf52c787043d"><testcase classname="tests.test_new_features" name="test_setup_users" time="0.892" /><testcase classname="tests.test_vtc_api" name="test_health" time="0.181" /><testcase classname="tests.test_vtc_api" name="test_register_passenger" time="0.136" /><testcase classname="tests.test_vtc_api" name="test_register_driver" time="0.136" /><testcase classname="tests.test_vtc_api" name="test_register_duplicate" time="0.114" /><testcase classname="tests.test_vtc_api" name="test_login_success" time="0.167" /><testcase classname="tests.test_vtc_api" name="test_login_wrong_password" time="0.153" /><testcase classname="tests.test_vtc_api" name="test_me_passenger" time="0.076" /><testcase classname="tests.test_new_features" name="test_estimate_returns_options_and_surcharge" time="0.130" /><testcase classname="tests.test_vtc_api" name="test_me_unauthenticated" time="0.078" /><testcase classname="tests.test_new_features" name="test_create_ride_with_surcharge_and_options" time="0.212" /><testcase classname="tests.test_vtc_api" name="test_estimate" time="0.115"><failure message="AssertionError: assert 2 == 3&#10; +  where 2 = len({'options': [{'vehicle_type': 'standard', 'label': 'Standard', 'price': 13.2, 'distance_km': 4.6, ...}, {'vehicle_type': 'premium', 'label': 'Premium', 'price': 22.0, 'distance_km': 4.6, ...}, {'vehicle_type': 'van', 'label': 'Van', 'price': 19.6, 'distance_km': 4.6, ...}], 'surcharge': {'distance_to_center_km': 0.4, 'per_km': 1.2, 'amount': 0.48, 'center_name': 'Paris – Châtelet'}})">tests/test_vtc_api.py:99: in test_estimate
    assert len(data) == 3
E   AssertionError: assert 2 == 3
E    +  where 2 = len({'options': [{'vehicle_type': 'standard', 'label': 'Standard', 'price': 13.2, 'distance_km': 4.6, ...}, {'vehicle_type': 'premium', 'label': 'Premium', 'price': 22.0, 'distance_km': 4.6, ...}, {'vehicle_type': 'van', 'label': 'Van', 'price': 19.6, 'distance_km': 4.6, ...}], 'surcharge': {'distance_to_center_km': 0.4, 'per_km': 1.2, 'amount': 0.48, 'center_name': 'Paris – Châtelet'}})</failure></testcase><testcase classname="tests.test_vtc_api" name="test_passenger_cannot_access_driver_endpoint" time="0.078" /><testcase classname="tests.test_new_features" name="test_create_batch" time="0.270" /><testcase classname="tests.test_vtc_api" name="test_driver_cannot_create_ride" time="0.089" /><testcase classname="tests.test_vtc_api" name="test_create_ride" time="0.080" /><testcase classname="tests.test_vtc_api" name="test_ride_visible_in_available" time="0.073" /><testcase classname="tests.test_vtc_api" name="test_driver_status_online" time="0.075" /><testcase classname="tests.test_new_features" name="test_driver_available_and_lifecycle" time="1.839" /><testcase classname="tests.test_vtc_api" name="test_accept_ride" time="0.079" /><testcase classname="tests.test_vtc_api" name="test_double_accept_fails" time="0.070" /><testcase classname="tests.test_vtc_api" name="test_start_ride" time="0.076" /><testcase classname="tests.test_vtc_api" name="test_complete_ride" time="0.074" /><testcase classname="tests.test_vtc_api" name="test_rate_ride" time="0.076" /><testcase classname="tests.test_vtc_api" name="test_rate_twice_fails" time="0.071" /><testcase classname="tests.test_vtc_api" name="test_get_ride_persistence" time="0.074" /><testcase classname="tests.test_vtc_api" name="test_my_rides_passenger" time="0.080" /><testcase classname="tests.test_vtc_api" name="test_driver_earnings" time="0.073"><failure message="assert 15.2 &gt;= 15.5">tests/test_vtc_api.py:219: in test_driver_earnings
    assert d["total"] &gt;= 15.50
E   assert 15.2 &gt;= 15.5</failure></testcase><testcase classname="tests.test_vtc_api" name="test_cancel_flow" time="0.150" /><testcase classname="tests.test_new_features" name="test_stripe_config" time="0.223" /><testcase classname="tests.test_new_features" name="test_stripe_checkout_and_status" time="0.697" /><testcase classname="tests.test_new_features" name="test_private_ride_flow" time="0.764" /><testcase classname="tests.test_new_features" name="test_team_member_add_assign_deactivate" time="1.399" /><testcase classname="tests.test_new_features" name="test_notifications_read" time="0.513" /><testcase classname="tests.test_new_features" name="test_cancel_leftovers" time="0.371" /></testsuite></testsuites>