<?xml version="1.0" encoding="utf-8"?><testsuites name="pytest tests"><testsuite name="pytest" errors="0" failures="0" skipped="0" tests="24" time="2.932" timestamp="2026-09-02T19:20:15.169359+00:00" hostname="agent-env-a1b8cd14-4d24-41d7-9b1b-bf52c787043d"><testcase classname="tests.test_vtc_api" name="test_health" time="0.578" /><testcase classname="tests.test_vtc_api" name="test_register_passenger" time="0.145" /><testcase classname="tests.test_vtc_api" name="test_register_driver" time="0.126" /><testcase classname="tests.test_vtc_api" name="test_register_duplicate" time="0.070" /><testcase classname="tests.test_vtc_api" name="test_login_success" time="0.128" /><testcase classname="tests.test_vtc_api" name="test_login_wrong_password" time="0.211" /><testcase classname="tests.test_vtc_api" name="test_me_passenger" time="0.087" /><testcase classname="tests.test_vtc_api" name="test_me_unauthenticated" time="0.093" /><testcase classname="tests.test_vtc_api" name="test_estimate" time="0.070" /><testcase classname="tests.test_vtc_api" name="test_passenger_cannot_access_driver_endpoint" time="0.069" /><testcase classname="tests.test_vtc_api" name="test_driver_cannot_create_ride" time="0.089" /><testcase classname="tests.test_vtc_api" name="test_create_ride" time="0.072" /><testcase classname="tests.test_vtc_api" name="test_ride_visible_in_available" time="0.152" /><testcase classname="tests.test_vtc_api" name="test_driver_status_online" time="0.076" /><testcase classname="tests.test_vtc_api" name="test_accept_ride" time="0.092" /><testcase classname="tests.test_vtc_api" name="test_double_accept_fails" time="0.078" /><testcase classname="tests.test_vtc_api" name="test_start_ride" time="0.070" /><testcase classname="tests.test_vtc_api" name="test_complete_ride" time="0.077" /><testcase classname="tests.test_vtc_api" name="test_rate_ride" time="0.078" /><testcase classname="tests.test_vtc_api" name="test_rate_twice_fails" time="0.069" /><testcase classname="tests.test_vtc_api" name="test_get_ride_persistence" time="0.073" /><testcase classname="tests.test_vtc_api" name="test_my_rides_passenger" time="0.074" /><testcase classname="tests.test_vtc_api" name="test_driver_earnings" time="0.132" /><testcase classname="tests.test_vtc_api" name="test_cancel_flow" time="0.139" /></testsuite></testsuites>